# JRE version: Java(TM) SE Runtime Environment (8.0_201-b09) (build 1.8.0_201-b09)
# Java VM: Java HotSpot(TM) 64-Bit Server VM (25.201-b09 mixed mode windows-amd64 compressed oops)
Heap:
 PSYoungGen      total 133632K, used 22323K [0x00000000eb400000, 0x00000000f5980000, 0x0000000100000000)
  eden space 117760K, 17% used [0x00000000eb400000,0x00000000ec862db0,0x00000000f2700000)
  from space 15872K, 9% used [0x00000000f2700000,0x00000000f286a060,0x00000000f3680000)
  to   space 15872K, 0% used [0x00000000f4a00000,0x00000000f4a00000,0x00000000f5980000)
 ParOldGen       total 63488K, used 43074K [0x00000000c1c00000, 0x00000000c5a00000, 0x00000000eb400000)
  object space 63488K, 67% used [0x00000000c1c00000,0x00000000c4610bd8,0x00000000c5a00000)
 Metaspace       used 32794K, capacity 33644K, committed 33920K, reserved 1079296K
  class space    used 3665K, capacity 3916K, committed 3968K, reserved 1048576K
GC Heap History (10 events):
Event: 223.023 GC heap before
{Heap before GC invocations=14 (full 1):
 PSYoungGen      total 74752K, used 72015K [0x00000000eb400000, 0x00000000f1400000, 0x0000000100000000)
  eden space 65536K, 100% used [0x00000000eb400000,0x00000000ef400000,0x00000000ef400000)
  from space 9216K, 70% used [0x00000000f0b00000,0x00000000f1153ce0,0x00000000f1400000)
  to   space 16384K, 0% used [0x00000000ef400000,0x00000000ef400000,0x00000000f0400000)
 ParOldGen       total 63488K, used 34608K [0x00000000c1c00000, 0x00000000c5a00000, 0x00000000eb400000)
  object space 63488K, 54% used [0x00000000c1c00000,0x00000000c3dcc040,0x00000000c5a00000)
 Metaspace       used 31104K, capacity 31842K, committed 32000K, reserved 1077248K
  class space    used 3562K, capacity 3775K, committed 3840K, reserved 1048576K
Event: 223.060 GC heap after
Heap after GC invocations=14 (full 1):
 PSYoungGen      total 81920K, used 4408K [0x00000000eb400000, 0x00000000f2e00000, 0x0000000100000000)
  eden space 65536K, 0% used [0x00000000eb400000,0x00000000eb400000,0x00000000ef400000)
  from space 16384K, 26% used [0x00000000ef400000,0x00000000ef84e120,0x00000000f0400000)
  to   space 15872K, 0% used [0x00000000f1e80000,0x00000000f1e80000,0x00000000f2e00000)
 ParOldGen       total 63488K, used 37971K [0x00000000c1c00000, 0x00000000c5a00000, 0x00000000eb400000)
  object space 63488K, 59% used [0x00000000c1c00000,0x00000000c4114d68,0x00000000c5a00000)
 Metaspace       used 31104K, capacity 31842K, committed 32000K, reserved 1077248K
  class space    used 3562K, capacity 3775K, committed 3840K, reserved 1048576K
}
Event: 468.035 GC heap before
{Heap before GC invocations=15 (full 1):
 PSYoungGen      total 81920K, used 69944K [0x00000000eb400000, 0x00000000f2e00000, 0x0000000100000000)
  eden space 65536K, 100% used [0x00000000eb400000,0x00000000ef400000,0x00000000ef400000)
  from space 16384K, 26% used [0x00000000ef400000,0x00000000ef84e120,0x00000000f0400000)
  to   space 15872K, 0% used [0x00000000f1e80000,0x00000000f1e80000,0x00000000f2e00000)
 ParOldGen       total 63488K, used 37971K [0x00000000c1c00000, 0x00000000c5a00000, 0x00000000eb400000)
  object space 63488K, 59% used [0x00000000c1c00000,0x00000000c4114d68,0x00000000c5a00000)
 Metaspace       used 31573K, capacity 32282K, committed 32512K, reserved 1077248K
  class space    used 3572K, capacity 3787K, committed 3840K, reserved 1048576K
Event: 468.049 GC heap after
Heap after GC invocations=15 (full 1):
 PSYoungGen      total 104960K, used 1152K [0x00000000eb400000, 0x00000000f2c80000, 0x0000000100000000)
  eden space 90624K, 0% used [0x00000000eb400000,0x00000000eb400000,0x00000000f0c80000)
  from space 14336K, 8% used [0x00000000f1e80000,0x00000000f1fa0040,0x00000000f2c80000)
  to   space 16384K, 0% used [0x00000000f0c80000,0x00000000f0c80000,0x00000000f1c80000)
 ParOldGen       total 63488K, used 39810K [0x00000000c1c00000, 0x00000000c5a00000, 0x00000000eb400000)
  object space 63488K, 62% used [0x00000000c1c00000,0x00000000c42e0818,0x00000000c5a00000)
 Metaspace       used 31573K, capacity 32282K, committed 32512K, reserved 1077248K
  class space    used 3572K, capacity 3787K, committed 3840K, reserved 1048576K
}
Event: 832.319 GC heap before
{Heap before GC invocations=16 (full 1):
 PSYoungGen      total 104960K, used 91776K [0x00000000eb400000, 0x00000000f2c80000, 0x0000000100000000)
  eden space 90624K, 100% used [0x00000000eb400000,0x00000000f0c80000,0x00000000f0c80000)
  from space 14336K, 8% used [0x00000000f1e80000,0x00000000f1fa0040,0x00000000f2c80000)
  to   space 16384K, 0% used [0x00000000f0c80000,0x00000000f0c80000,0x00000000f1c80000)
 ParOldGen       total 63488K, used 39810K [0x00000000c1c00000, 0x00000000c5a00000, 0x00000000eb400000)
  object space 63488K, 62% used [0x00000000c1c00000,0x00000000c42e0818,0x00000000c5a00000)
 Metaspace       used 31974K, capacity 32736K, committed 32768K, reserved 1079296K
  class space    used 3599K, capacity 3812K, committed 3840K, reserved 1048576K
Event: 832.329 GC heap after
Heap after GC invocations=16 (full 1):
 PSYoungGen      total 107008K, used 1728K [0x00000000eb400000, 0x00000000f4a80000, 0x0000000100000000)
  eden space 90624K, 0% used [0x00000000eb400000,0x00000000eb400000,0x00000000f0c80000)
  from space 16384K, 10% used [0x00000000f0c80000,0x00000000f0e30070,0x00000000f1c80000)
  to   space 16384K, 0% used [0x00000000f3a80000,0x00000000f3a80000,0x00000000f4a80000)
 ParOldGen       total 63488K, used 40570K [0x00000000c1c00000, 0x00000000c5a00000, 0x00000000eb400000)
  object space 63488K, 63% used [0x00000000c1c00000,0x00000000c439e8e8,0x00000000c5a00000)
 Metaspace       used 31974K, capacity 32736K, committed 32768K, reserved 1079296K
  class space    used 3599K, capacity 3812K, committed 3840K, reserved 1048576K
}
Event: 5384.248 GC heap before
{Heap before GC invocations=17 (full 1):
 PSYoungGen      total 107008K, used 92352K [0x00000000eb400000, 0x00000000f4a80000, 0x0000000100000000)
  eden space 90624K, 100% used [0x00000000eb400000,0x00000000f0c80000,0x00000000f0c80000)
  from space 16384K, 10% used [0x00000000f0c80000,0x00000000f0e30070,0x00000000f1c80000)
  to   space 16384K, 0% used [0x00000000f3a80000,0x00000000f3a80000,0x00000000f4a80000)
 ParOldGen       total 63488K, used 40570K [0x00000000c1c00000, 0x00000000c5a00000, 0x00000000eb400000)
  object space 63488K, 63% used [0x00000000c1c00000,0x00000000c439e8e8,0x00000000c5a00000)
 Metaspace       used 32579K, capacity 33448K, committed 33664K, reserved 1079296K
  class space    used 3657K, capacity 3916K, committed 3968K, reserved 1048576K
Event: 5384.274 GC heap after
Heap after GC invocations=17 (full 1):
 PSYoungGen      total 129536K, used 1960K [0x00000000eb400000, 0x00000000f4600000, 0x0000000100000000)
  eden space 117760K, 0% used [0x00000000eb400000,0x00000000eb400000,0x00000000f2700000)
  from space 11776K, 16% used [0x00000000f3a80000,0x00000000f3c6a090,0x00000000f4600000)
  to   space 15872K, 0% used [0x00000000f2700000,0x00000000f2700000,0x00000000f3680000)
 ParOldGen       total 63488K, used 41786K [0x00000000c1c00000, 0x00000000c5a00000, 0x00000000eb400000)
  object space 63488K, 65% used [0x00000000c1c00000,0x00000000c44cea38,0x00000000c5a00000)
 Metaspace       used 32579K, capacity 33448K, committed 33664K, reserved 1079296K
  class space    used 3657K, capacity 3916K, committed 3968K, reserved 1048576K
}
Event: 5835.913 GC heap before
{Heap before GC invocations=18 (full 1):
 PSYoungGen      total 129536K, used 119720K [0x00000000eb400000, 0x00000000f4600000, 0x0000000100000000)
  eden space 117760K, 100% used [0x00000000eb400000,0x00000000f2700000,0x00000000f2700000)
  from space 11776K, 16% used [0x00000000f3a80000,0x00000000f3c6a090,0x00000000f4600000)
  to   space 15872K, 0% used [0x00000000f2700000,0x00000000f2700000,0x00000000f3680000)
 ParOldGen       total 63488K, used 41786K [0x00000000c1c00000, 0x00000000c5a00000, 0x00000000eb400000)
  object space 63488K, 65% used [0x00000000c1c00000,0x00000000c44cea38,0x00000000c5a00000)
 Metaspace       used 32750K, capacity 33644K, committed 33920K, reserved 1079296K
  class space    used 3664K, capacity 3916K, committed 3968K, reserved 1048576K
Event: 5835.941 GC heap after
Heap after GC invocations=18 (full 1):
 PSYoungGen      total 133632K, used 1448K [0x00000000eb400000, 0x00000000f5980000, 0x0000000100000000)
  eden space 117760K, 0% used [0x00000000eb400000,0x00000000eb400000,0x00000000f2700000)
  from space 15872K, 9% used [0x00000000f2700000,0x00000000f286a060,0x00000000f3680000)
  to   space 15872K, 0% used [0x00000000f4a00000,0x00000000f4a00000,0x00000000f5980000)
 ParOldGen       total 63488K, used 43074K [0x00000000c1c00000, 0x00000000c5a00000, 0x00000000eb400000)
  object space 63488K, 67% used [0x00000000c1c00000,0x00000000c4610bd8,0x00000000c5a00000)
 Metaspace       used 32750K, capacity 33644K, committed 33920K, reserved 1079296K
  class space    used 3664K, capacity 3916K, committed 3968K, reserved 1048576K
}

