<?xml version="1.0" encoding="UTF-8"?>
<!-- Generated by org.testng.reporters.JUnitXMLReporter -->
<testsuite hostname="DESKTOP-E3KSB34" ignored="0" name="TC_ID_Verify_Express_Payments_Invalid_PWd_and_BlankPWD" tests="2" failures="0" timestamp="23 Aug 2019 06:44:56 GMT" time="119.242" errors="0">
  <testcase name="setup" time="0.0" classname="com.Airpay.Tests.TC_ID_Verify_Express_Payments_Invalid_PWd_and_BlankPWD"/>
  <testcase name="TC_TestCaseName" time="103.238" classname="com.Airpay.Tests.TC_ID_Verify_Express_Payments_Invalid_PWd_and_BlankPWD"/>
</testsuite> <!-- TC_ID_Verify_Express_Payments_Invalid_PWd_and_BlankPWD -->
