<?xml version="1.0" encoding="UTF-8"?>
<!-- Generated by org.testng.reporters.JUnitXMLReporter -->
<testsuite hostname="DESKTOP-E3KSB34" ignored="0" name="TC_MA_Panel_Amex_eZeClick_BankDetails_Inactive" tests="2" failures="0" timestamp="01 Aug 2019 06:54:35 GMT" time="100.663" errors="0">
  <testcase name="setup" time="0.0" classname="com.Airpay.Tests.TC_MA_Panel_Cash_BankDetails_Inactive"/>
  <testcase name="TC_TestCaseName" time="85.031" classname="com.Airpay.Tests.TC_MA_Panel_Cash_BankDetails_Inactive"/>
</testsuite> <!-- TC_MA_Panel_Amex_eZeClick_BankDetails_Inactive -->
