<?xml version="1.0" encoding="UTF-8"?>
<!-- Generated by org.testng.reporters.JUnitXMLReporter -->
<testsuite hostname="DESKTOP-E3KSB34" ignored="0" name="TC_PP_NetBanking_Reselect_Bank_from_previous_selected_popular_bank" tests="2" failures="0" timestamp="27 Aug 2019 05:47:35 GMT" time="44.079" errors="0">
  <testcase name="setup" time="0.001" classname="com.Airpay.Tests.TC_PP_NetBanking_Previous_Selected_PopularBank"/>
  <testcase name="TC_TestCaseName" time="27.632" classname="com.Airpay.Tests.TC_PP_NetBanking_Previous_Selected_PopularBank"/>
</testsuite> <!-- TC_PP_NetBanking_Reselect_Bank_from_previous_selected_popular_bank -->
