<?xml version="1.0" encoding="UTF-8"?>
<!-- Generated by org.testng.reporters.JUnitXMLReporter -->
<testsuite hostname="DESKTOP-E3KSB34" ignored="0" name="TC_PP_Wallet_Red_Line_Error" tests="2" failures="0" timestamp="27 Aug 2019 05:42:31 GMT" time="34.307" errors="0">
  <testcase name="setup" time="0.001" classname="com.Airpay.Tests.TC_PP_Wallet_Red_Line_Error"/>
  <testcase name="TC_TestCaseName" time="16.131" classname="com.Airpay.Tests.TC_PP_Wallet_Red_Line_Error"/>
</testsuite> <!-- TC_PP_Wallet_Red_Line_Error -->
