<?xml version="1.0" encoding="UTF-8"?>
<!-- Generated by org.testng.reporters.JUnitXMLReporter -->
<testsuite hostname="DESKTOP-E3KSB34" ignored="0" name="TC_PP_UPI_Transaction_Decline_ErrorMessage_NewDesign" tests="2" failures="0" timestamp="07 Aug 2019 11:28:29 GMT" time="360.91" errors="0">
  <testcase name="setup" time="0.001" classname="com.Airpay.Tests.TC_PP_valid_UPI_Transaction_Decline_ErrorMsg"/>
  <testcase name="TC_TestCaseName" time="344.047" classname="com.Airpay.Tests.TC_PP_valid_UPI_Transaction_Decline_ErrorMsg"/>
</testsuite> <!-- TC_PP_UPI_Transaction_Decline_ErrorMessage_NewDesign -->
