<?xml version="1.0" encoding="UTF-8"?>
<!-- Generated by org.testng.reporters.JUnitXMLReporter -->
<testsuite hostname="DESKTOP-E3KSB34" ignored="0" name="TC_PP_15_Credit_Card_Cancel_Transaction_from_bankPage" tests="2" failures="0" timestamp="13 Aug 2019 05:23:01 GMT" time="232.051" errors="0">
  <testcase name="setup" time="0.001" classname="com.Airpay.Tests.TC_PP_15_Credit_Card"/>
  <testcase name="TC_TestCaseName" time="214.238" classname="com.Airpay.Tests.TC_PP_15_Credit_Card"/>
</testsuite> <!-- TC_PP_15_Credit_Card_Cancel_Transaction_from_bankPage -->
