<?xml version="1.0" encoding="UTF-8"?>
<!-- Generated by org.testng.reporters.JUnitXMLReporter -->
<testsuite hostname="DESKTOP-E3KSB34" ignored="0" name="TC_PP_EMI_Verify_ErrMsg_for_Invalid_Bank_selection" tests="2" failures="0" timestamp="27 Aug 2019 06:14:11 GMT" time="57.16" errors="0">
  <testcase name="setup" time="0.0" classname="com.Airpay.Tests.TC_PP_EMI_Verify_ErrMsg_for_Invalid_Bank_selection"/>
  <testcase name="TC_TestCaseName" time="41.979" classname="com.Airpay.Tests.TC_PP_EMI_Verify_ErrMsg_for_Invalid_Bank_selection"/>
</testsuite> <!-- TC_PP_EMI_Verify_ErrMsg_for_Invalid_Bank_selection -->
