<?xml version="1.0" encoding="UTF-8"?>
<!-- Generated by org.testng.reporters.JUnitXMLReporter -->
<testsuite hostname="DESKTOP-E3KSB34" ignored="0" name="TC_PP_SandBox_Transaction_Debit_Card_Successfull_Transaction" tests="2" failures="0" timestamp="16 Aug 2019 06:40:43 GMT" time="124.384" errors="0">
  <testcase name="setup" time="0.0" classname="com.Airpay.Tests.TC_PP_Moto_Transaction_Debit_Card_Successfull_Transaction"/>
  <testcase name="TC_TestCaseName" time="109.132" classname="com.Airpay.Tests.TC_PP_Moto_Transaction_Debit_Card_Successfull_Transaction"/>
</testsuite> <!-- TC_PP_SandBox_Transaction_Debit_Card_Successfull_Transaction -->
