<?xml version="1.0" encoding="UTF-8"?>
<!-- Generated by org.testng.reporters.JUnitXMLReporter -->
<testsuite hostname="DESKTOP-E3KSB34" ignored="0" name="TC_PP_Virtual_Account_Success_transaction_testcase" tests="2" failures="0" timestamp="19 Aug 2019 09:04:26 GMT" time="176.713" errors="0">
  <testcase name="setup" time="0.019" classname="com.Airpay.Tests.TC_PP_Virtual_Account_Success_transaction_testcase"/>
  <testcase name="TC_TestCaseName" time="154.848" classname="com.Airpay.Tests.TC_PP_Virtual_Account_Success_transaction_testcase"/>
</testsuite> <!-- TC_PP_Virtual_Account_Success_transaction_testcase -->
