<?xml version="1.0" encoding="UTF-8"?>
<!-- Generated by org.testng.reporters.JUnitXMLReporter -->
<testsuite hostname="DESKTOP-E3KSB34" ignored="0" name="TC_PP_Invalid_UPI_Address" tests="2" failures="0" timestamp="27 Aug 2019 05:59:51 GMT" time="52.723" errors="0">
  <testcase name="setup" time="0.0" classname="com.Airpay.Tests.TC_PP_Invalid_UPI_Address_ErrMsg"/>
  <testcase name="TC_TestCaseName" time="36.177" classname="com.Airpay.Tests.TC_PP_Invalid_UPI_Address_ErrMsg"/>
</testsuite> <!-- TC_PP_Invalid_UPI_Address -->
