<?xml version="1.0" encoding="UTF-8"?>
<!-- Generated by org.testng.reporters.JUnitXMLReporter -->
<testsuite hostname="DESKTOP-E3KSB34" ignored="0" name="TC_PP_SandBox_Transaction_Credit_Card_Failed_Transaction" tests="2" failures="0" timestamp="16 Aug 2019 06:41:40 GMT" time="56.809" errors="0">
  <testcase name="setup" time="0.0" classname="com.Airpay.Tests.TC_PP_Moto_Transaction_Credit_Card_Failed_Transaction"/>
  <testcase name="TC_TestCaseName" time="40.613" classname="com.Airpay.Tests.TC_PP_Moto_Transaction_Credit_Card_Failed_Transaction"/>
</testsuite> <!-- TC_PP_SandBox_Transaction_Credit_Card_Failed_Transaction -->
