<?xml version="1.0" encoding="UTF-8"?>
<!-- Generated by org.testng.reporters.JUnitXMLReporter -->
<testsuite hostname="DESKTOP-E3KSB34" ignored="0" name="TC_PP_UPI_Session_TimeOut_ErrorMessage" tests="2" failures="0" timestamp="27 Aug 2019 06:53:29 GMT" time="395.845" errors="0">
  <testcase name="setup" time="0.009" classname="com.Airpay.Tests.TC_PP_valid_UPI_SessionTimeOut_ErrMsg"/>
  <testcase name="TC_TestCaseName" time="372.613" classname="com.Airpay.Tests.TC_PP_valid_UPI_SessionTimeOut_ErrMsg"/>
</testsuite> <!-- TC_PP_UPI_Session_TimeOut_ErrorMessage -->
