<?xml version="1.0" encoding="UTF-8"?>
<!-- Generated by org.testng.reporters.JUnitXMLReporter -->
<testsuite hostname="DESKTOP-E3KSB34" ignored="0" name="TC_PP_15_Debit_Card_Cancel_Transaction_from_bankPage" tests="2" failures="0" timestamp="14 Aug 2019 05:33:17 GMT" time="280.171" errors="0">
  <testcase name="setup" time="0.01" classname="com.Airpay.Tests.TC_PP_15_Debit_Card"/>
  <testcase name="TC_TestCaseName" time="197.754" classname="com.Airpay.Tests.TC_PP_15_Debit_Card"/>
</testsuite> <!-- TC_PP_15_Debit_Card_Cancel_Transaction_from_bankPage -->
