<?xml version="1.0" encoding="UTF-8"?>
<!-- Generated by org.testng.reporters.JUnitXMLReporter -->
<testsuite hostname="DESKTOP-E3KSB34" ignored="0" name="TC_PP_UPIAddress_Empty_Transaction_ErrorMessage_NewDesign_499.99" tests="2" failures="0" timestamp="05 Aug 2019 12:34:48 GMT" time="182.848" errors="0">
  <testcase name="setup" time="0.0" classname="com.Airpay.Tests.TC_PP_UPIAddress_Empty_Transaction_ErrorMessage_NewDesign"/>
  <testcase name="TC_TestCaseName" time="157.133" classname="com.Airpay.Tests.TC_PP_UPIAddress_Empty_Transaction_ErrorMessage_NewDesign"/>
</testsuite> <!-- TC_PP_UPIAddress_Empty_Transaction_ErrorMessage_NewDesign_499.99 -->
