<?xml version="1.0" encoding="UTF-8"?>
<!-- Generated by org.testng.reporters.JUnitXMLReporter -->
<testsuite hostname="DESKTOP-E3KSB34" ignored="0" name="TC_PP_NetBanking_errorValidtion" tests="2" failures="0" timestamp="27 Aug 2019 04:56:00 GMT" time="41.402" errors="0">
  <testcase name="setup" time="0.0" classname="com.Airpay.Tests.TC_PP_NetBanking_errorValidtion"/>
  <testcase name="TC_TestCaseName" time="17.862" classname="com.Airpay.Tests.TC_PP_NetBanking_errorValidtion"/>
</testsuite> <!-- TC_PP_NetBanking_errorValidtion -->
