<?xml version="1.0" encoding="UTF-8"?>
<!-- Generated by org.testng.reporters.JUnitXMLReporter -->
<testsuite hostname="DESKTOP-E3KSB34" ignored="0" name="TC_PP_Invalid_UPI_Address_NewDesign" tests="2" failures="0" timestamp="07 Aug 2019 11:12:16 GMT" time="81.088" errors="0">
  <testcase name="setup" time="0.0" classname="com.Airpay.Tests.TC_PP_Invalid_UPI_Address_NewDesign"/>
  <testcase name="TC_TestCaseName" time="65.956" classname="com.Airpay.Tests.TC_PP_Invalid_UPI_Address_NewDesign"/>
</testsuite> <!-- TC_PP_Invalid_UPI_Address_NewDesign -->
