<?xml version="1.0" encoding="UTF-8"?>
<!-- Generated by org.testng.reporters.JUnitXMLReporter -->
<testsuite hostname="DESKTOP-E3KSB34" ignored="0" name="TC_PP_Cash_MakePayment_PinCodeErrorLine" tests="2" failures="0" timestamp="16 Aug 2019 06:09:32 GMT" time="104.687" errors="0">
  <testcase name="setup" time="0.001" classname="com.Airpay.Tests.TC_PP_Cash_MakePayment_PinCodeErrorLine"/>
  <testcase name="TC_TestCaseName" time="89.129" classname="com.Airpay.Tests.TC_PP_Cash_MakePayment_PinCodeErrorLine"/>
</testsuite> <!-- TC_PP_Cash_MakePayment_PinCodeErrorLine -->
