<?xml version="1.0" encoding="UTF-8"?>
<!-- Generated by org.testng.reporters.JUnitXMLReporter -->
<testsuite hostname="DESKTOP-E3KSB34" ignored="0" name="TC_PP_BharatOR_BarCode_Session_TimeOut_errVerification" tests="2" failures="0" timestamp="16 Aug 2019 06:57:39 GMT" time="165.101" errors="0">
  <testcase name="setup" time="0.0" classname="com.Airpay.Tests.TC_PP_BharatOR_BarCode_Session_TimeOut_errVerification"/>
  <testcase name="TC_TestCaseName" time="149.764" classname="com.Airpay.Tests.TC_PP_BharatOR_BarCode_Session_TimeOut_errVerification"/>
</testsuite> <!-- TC_PP_BharatOR_BarCode_Session_TimeOut_errVerification -->
