<?xml version="1.0" encoding="UTF-8"?>
<!-- Generated by org.testng.reporters.JUnitXMLReporter -->
<testsuite hostname="DESKTOP-E3KSB34" ignored="0" name="TC_PP_AmexeZeClick_Testcase" tests="2" failures="0" timestamp="27 Aug 2019 06:16:35 GMT" time="53.542" errors="0">
  <testcase name="setup" time="0.0" classname="com.Airpay.Tests.TC_PP_AmexeZeClick_Testcase"/>
  <testcase name="TC_TestCaseName" time="38.216" classname="com.Airpay.Tests.TC_PP_AmexeZeClick_Testcase"/>
</testsuite> <!-- TC_PP_AmexeZeClick_Testcase -->
