<?xml version="1.0" encoding="UTF-8"?>
<!-- Generated by org.testng.reporters.JUnitXMLReporter -->
<testsuite hostname="DESKTOP-E3KSB34" ignored="0" name="TC_PP_Amazon_Pay_TestCase" tests="2" failures="0" timestamp="21 Aug 2019 06:35:41 GMT" time="170.786" errors="0">
  <testcase name="setup" time="0.0" classname="com.Airpay.Tests.TC_PP_Amazon_Pay_TestCase"/>
  <testcase name="TC_TestCaseName" time="152.762" classname="com.Airpay.Tests.TC_PP_Amazon_Pay_TestCase"/>
</testsuite> <!-- TC_PP_Amazon_Pay_TestCase -->
