<?xml version="1.0" encoding="UTF-8"?>
<!-- Generated by org.testng.reporters.JUnitXMLReporter -->
<testsuite hostname="DESKTOP-E3KSB34" ignored="0" name="TC_PP_01_Verify_when_user_does_not_Pass_Amount" tests="2" failures="0" timestamp="27 Aug 2019 04:45:42 GMT" time="42.549" errors="0">
  <testcase name="setup" time="0.017" classname="com.Airpay.Tests.TC_PP_01"/>
  <testcase name="TC_TestCaseName" time="18.548" classname="com.Airpay.Tests.TC_PP_01"/>
</testsuite> <!-- TC_PP_01_Verify_when_user_does_not_Pass_Amount -->
