<?xml version="1.0" encoding="UTF-8"?>
<!-- Generated by org.testng.reporters.JUnitXMLReporter -->
<testsuite hostname="DESKTOP-E3KSB34" ignored="0" name="TC_PP_Wallet_user_can_see_the_Email_ID_Mobile_number_fields_after_selecting_Submit_tab" tests="2" failures="0" timestamp="27 Aug 2019 05:58:18 GMT" time="224.796" errors="0">
  <testcase name="setup" time="0.001" classname="com.Airpay.Tests.TC_PP_Wallet_user_can_see_the_Email_ID_Mobile_number_fields_after_selecting_Submit_tab"/>
  <testcase name="TC_TestCaseName" time="207.756" classname="com.Airpay.Tests.TC_PP_Wallet_user_can_see_the_Email_ID_Mobile_number_fields_after_selecting_Submit_tab"/>
</testsuite> <!-- TC_PP_Wallet_user_can_see_the_Email_ID_Mobile_number_fields_after_selecting_Submit_tab -->
