<?xml version="1.0" encoding="UTF-8"?>
<!-- Generated by org.testng.reporters.JUnitXMLReporter -->
<testsuite hostname="DESKTOP-E3KSB34" ignored="0" name="TC_PP_11_verify_Invalid_Credit_Card_Details_with_Messages" tests="2" failures="0" timestamp="27 Aug 2019 04:51:34 GMT" time="59.081" errors="0">
  <testcase name="setup" time="0.0" classname="com.Airpay.Tests.TC_PP_11_Credit_Card"/>
  <testcase name="TC_TestCaseName" time="41.538" classname="com.Airpay.Tests.TC_PP_11_Credit_Card"/>
</testsuite> <!-- TC_PP_11_verify_Invalid_Credit_Card_Details_with_Messages -->
