<?xml version="1.0" encoding="UTF-8"?>
<!-- Generated by org.testng.reporters.JUnitXMLReporter -->
<testsuite hostname="DESKTOP-E3KSB34" ignored="0" name="TC_PP_InvalidTez_UPI_Address" tests="2" failures="0" timestamp="06 Aug 2019 11:27:17 GMT" time="111.409" errors="0">
  <testcase name="setup" time="0.0" classname="com.Airpay.Tests.TC_PP_InvalidTez_UPI_Address_ErrMsg"/>
  <testcase name="TC_TestCaseName" time="92.061" classname="com.Airpay.Tests.TC_PP_InvalidTez_UPI_Address_ErrMsg"/>
</testsuite> <!-- TC_PP_InvalidTez_UPI_Address -->
