<?xml version="1.0" encoding="UTF-8"?>
<!-- Generated by org.testng.reporters.JUnitXMLReporter -->
<testsuite hostname="DESKTOP-E3KSB34" ignored="0" name="TC_PP_Debit_Card_logo_Appearance" tests="2" failures="0" timestamp="27 Aug 2019 05:40:03 GMT" time="42.614" errors="0">
  <testcase name="setup" time="0.0" classname="com.Airpay.Tests.TC_PP_Debit_Card_logo_Appearance"/>
  <testcase name="TC_TestCaseName" time="25.484" classname="com.Airpay.Tests.TC_PP_Debit_Card_logo_Appearance"/>
</testsuite> <!-- TC_PP_Debit_Card_logo_Appearance -->
