<?xml version="1.0" encoding="UTF-8"?>
<!-- Generated by org.testng.reporters.JUnitXMLReporter -->
<testsuite hostname="DESKTOP-E3KSB34" ignored="0" name="TC_PP_02_Verify_when_user_does_not_Pass_Mandatory_Invalid_orderID" tests="2" failures="0" timestamp="16 Aug 2019 08:42:15 GMT" time="33.6" errors="0">
  <testcase name="setup" time="0.001" classname="com.Airpay.Tests.TC_PP_01"/>
  <testcase name="TC_TestCaseName" time="17.971" classname="com.Airpay.Tests.TC_PP_01"/>
</testsuite> <!-- TC_PP_02_Verify_when_user_does_not_Pass_Mandatory_Invalid_orderID -->
