<?xml version="1.0" encoding="UTF-8"?>
<!-- Generated by org.testng.reporters.JUnitXMLReporter -->
<testsuite hostname="DESKTOP-E3KSB34" ignored="0" name="TC_PP_10_Verify_all_madatory_redLine_Errors" tests="2" failures="0" timestamp="27 Aug 2019 04:50:34 GMT" time="26.993" errors="0">
  <testcase name="setup" time="0.0" classname="com.Airpay.Tests.TC_PP_10"/>
  <testcase name="TC_TestCaseName" time="10.517" classname="com.Airpay.Tests.TC_PP_10"/>
</testsuite> <!-- TC_PP_10_Verify_all_madatory_redLine_Errors -->
