<?xml version="1.0" encoding="UTF-8"?>
<!-- Generated by org.testng.reporters.JUnitXMLReporter -->
<testsuite hostname="DESKTOP-E3KSB34" ignored="0" name="TC_PP_06_Verify_OrderID_and_Trnasaction_Aamount" tests="2" failures="0" timestamp="05 Aug 2019 11:26:35 GMT" time="39.871" errors="0">
  <testcase name="setup" time="0.0" classname="com.Airpay.Tests.TC_PP_06"/>
  <testcase name="TC_TestCaseName" time="13.502" classname="com.Airpay.Tests.TC_PP_06"/>
</testsuite> <!-- TC_PP_06_Verify_OrderID_and_Trnasaction_Aamount -->
