<?xml version="1.0" encoding="UTF-8"?>
<!-- Generated by org.testng.reporters.JUnitXMLReporter -->
<testsuite hostname="DESKTOP-E3KSB34" ignored="0" name="TC_PP_11_Verify_Invalid_Debit_Card_Detsils_with_Error_Messages" tests="2" failures="0" timestamp="27 Aug 2019 04:52:32 GMT" time="57.548" errors="0">
  <testcase name="setup" time="0.0" classname="com.Airpay.Tests.TC_PP_11_Debit_Card"/>
  <testcase name="TC_TestCaseName" time="40.841" classname="com.Airpay.Tests.TC_PP_11_Debit_Card"/>
</testsuite> <!-- TC_PP_11_Verify_Invalid_Debit_Card_Detsils_with_Error_Messages -->
